  源.cpp
D:\vs\小球进框\小球进框\源.cpp(172,37): warning C4305: “参数”: 从“double”到“float”截断
D:\vs\小球进框\小球进框\源.cpp(174,32): warning C4244: “参数”: 从“double”转换到“int”，可能丢失数据
D:\vs\小球进框\小球进框\源.cpp(174,18): warning C4244: “参数”: 从“double”转换到“int”，可能丢失数据
D:\vs\小球进框\小球进框\源.cpp(175,37): warning C4305: “参数”: 从“double”到“float”截断
D:\vs\小球进框\小球进框\源.cpp(177,32): warning C4244: “参数”: 从“double”转换到“int”，可能丢失数据
D:\vs\小球进框\小球进框\源.cpp(177,18): warning C4244: “参数”: 从“double”转换到“int”，可能丢失数据
D:\vs\小球进框\小球进框\源.cpp(178,32): warning C4244: “参数”: 从“double”转换到“int”，可能丢失数据
D:\vs\小球进框\小球进框\源.cpp(178,18): warning C4244: “参数”: 从“double”转换到“int”，可能丢失数据
D:\vs\小球进框\小球进框\源.cpp(179,32): warning C4244: “参数”: 从“double”转换到“int”，可能丢失数据
D:\vs\小球进框\小球进框\源.cpp(179,18): warning C4244: “参数”: 从“double”转换到“int”，可能丢失数据
D:\vs\小球进框\小球进框\源.cpp(180,32): warning C4244: “参数”: 从“double”转换到“int”，可能丢失数据
D:\vs\小球进框\小球进框\源.cpp(180,18): warning C4244: “参数”: 从“double”转换到“int”，可能丢失数据
D:\vs\小球进框\小球进框\源.cpp(184,32): warning C4244: “参数”: 从“double”转换到“int”，可能丢失数据
D:\vs\小球进框\小球进框\源.cpp(184,18): warning C4244: “参数”: 从“double”转换到“int”，可能丢失数据
D:\vs\小球进框\小球进框\源.cpp(185,32): warning C4244: “参数”: 从“double”转换到“int”，可能丢失数据
D:\vs\小球进框\小球进框\源.cpp(185,18): warning C4244: “参数”: 从“double”转换到“int”，可能丢失数据
D:\vs\小球进框\小球进框\源.cpp(186,32): warning C4244: “参数”: 从“double”转换到“int”，可能丢失数据
D:\vs\小球进框\小球进框\源.cpp(186,18): warning C4244: “参数”: 从“double”转换到“int”，可能丢失数据
D:\vs\小球进框\小球进框\源.cpp(187,32): warning C4244: “参数”: 从“double”转换到“int”，可能丢失数据
D:\vs\小球进框\小球进框\源.cpp(187,18): warning C4244: “参数”: 从“double”转换到“int”，可能丢失数据
D:\vs\小球进框\小球进框\源.cpp(307,37): warning C4305: “参数”: 从“double”到“float”截断
D:\vs\小球进框\小球进框\源.cpp(309,32): warning C4244: “参数”: 从“double”转换到“int”，可能丢失数据
D:\vs\小球进框\小球进框\源.cpp(309,18): warning C4244: “参数”: 从“double”转换到“int”，可能丢失数据
D:\vs\小球进框\小球进框\源.cpp(310,37): warning C4305: “参数”: 从“double”到“float”截断
D:\vs\小球进框\小球进框\源.cpp(312,32): warning C4244: “参数”: 从“double”转换到“int”，可能丢失数据
D:\vs\小球进框\小球进框\源.cpp(312,18): warning C4244: “参数”: 从“double”转换到“int”，可能丢失数据
D:\vs\小球进框\小球进框\源.cpp(313,32): warning C4244: “参数”: 从“double”转换到“int”，可能丢失数据
D:\vs\小球进框\小球进框\源.cpp(313,18): warning C4244: “参数”: 从“double”转换到“int”，可能丢失数据
D:\vs\小球进框\小球进框\源.cpp(314,32): warning C4244: “参数”: 从“double”转换到“int”，可能丢失数据
D:\vs\小球进框\小球进框\源.cpp(314,18): warning C4244: “参数”: 从“double”转换到“int”，可能丢失数据
D:\vs\小球进框\小球进框\源.cpp(315,32): warning C4244: “参数”: 从“double”转换到“int”，可能丢失数据
D:\vs\小球进框\小球进框\源.cpp(315,18): warning C4244: “参数”: 从“double”转换到“int”，可能丢失数据
D:\vs\小球进框\小球进框\源.cpp(319,32): warning C4244: “参数”: 从“double”转换到“int”，可能丢失数据
D:\vs\小球进框\小球进框\源.cpp(319,18): warning C4244: “参数”: 从“double”转换到“int”，可能丢失数据
D:\vs\小球进框\小球进框\源.cpp(320,32): warning C4244: “参数”: 从“double”转换到“int”，可能丢失数据
D:\vs\小球进框\小球进框\源.cpp(320,18): warning C4244: “参数”: 从“double”转换到“int”，可能丢失数据
D:\vs\小球进框\小球进框\源.cpp(321,32): warning C4244: “参数”: 从“double”转换到“int”，可能丢失数据
D:\vs\小球进框\小球进框\源.cpp(321,18): warning C4244: “参数”: 从“double”转换到“int”，可能丢失数据
D:\vs\小球进框\小球进框\源.cpp(322,32): warning C4244: “参数”: 从“double”转换到“int”，可能丢失数据
D:\vs\小球进框\小球进框\源.cpp(322,18): warning C4244: “参数”: 从“double”转换到“int”，可能丢失数据
D:\vs\小球进框\小球进框\源.cpp(389,25): warning C4305: “=”: 从“double”到“float”截断
D:\vs\小球进框\小球进框\源.cpp(393,27): warning C4244: “=”: 从“int”转换到“float”，可能丢失数据
D:\vs\小球进框\小球进框\源.cpp(394,12): warning C4244: “初始化”: 从“int”转换到“float”，可能丢失数据
D:\vs\小球进框\小球进框\源.cpp(395,40): warning C4305: “参数”: 从“double”到“float”截断
D:\vs\小球进框\小球进框\源.cpp(396,34): warning C4305: “=”: 从“int”到“float”截断
D:\vs\小球进框\小球进框\源.cpp(419,25): warning C4305: “=”: 从“double”到“float”截断
D:\vs\小球进框\小球进框\源.cpp(423,27): warning C4244: “=”: 从“int”转换到“float”，可能丢失数据
D:\vs\小球进框\小球进框\源.cpp(424,12): warning C4244: “初始化”: 从“int”转换到“float”，可能丢失数据
D:\vs\小球进框\小球进框\源.cpp(425,40): warning C4305: “参数”: 从“double”到“float”截断
D:\vs\小球进框\小球进框\源.cpp(426,34): warning C4305: “=”: 从“int”到“float”截断
D:\vs\小球进框\小球进框\源.cpp(450,25): warning C4305: “=”: 从“double”到“float”截断
D:\vs\小球进框\小球进框\源.cpp(454,27): warning C4244: “=”: 从“int”转换到“float”，可能丢失数据
D:\vs\小球进框\小球进框\源.cpp(455,12): warning C4244: “初始化”: 从“int”转换到“float”，可能丢失数据
D:\vs\小球进框\小球进框\源.cpp(456,40): warning C4305: “参数”: 从“double”到“float”截断
D:\vs\小球进框\小球进框\源.cpp(457,34): warning C4305: “=”: 从“int”到“float”截断
D:\vs\小球进框\小球进框\源.cpp(479,26): warning C4305: “=”: 从“double”到“float”截断
D:\vs\小球进框\小球进框\源.cpp(482,16): warning C4244: “=”: 从“int”转换到“float”，可能丢失数据
D:\vs\小球进框\小球进框\源.cpp(483,27): warning C4244: “=”: 从“int”转换到“float”，可能丢失数据
D:\vs\小球进框\小球进框\源.cpp(484,12): warning C4244: “初始化”: 从“int”转换到“float”，可能丢失数据
D:\vs\小球进框\小球进框\源.cpp(485,40): warning C4305: “参数”: 从“double”到“float”截断
D:\vs\小球进框\小球进框\源.cpp(486,34): warning C4305: “=”: 从“int”到“float”截断
D:\vs\小球进框\小球进框\源.cpp(508,26): warning C4305: “=”: 从“double”到“float”截断
D:\vs\小球进框\小球进框\源.cpp(511,27): warning C4244: “=”: 从“int”转换到“float”，可能丢失数据
D:\vs\小球进框\小球进框\源.cpp(512,27): warning C4244: “=”: 从“int”转换到“float”，可能丢失数据
D:\vs\小球进框\小球进框\源.cpp(513,12): warning C4244: “初始化”: 从“int”转换到“float”，可能丢失数据
D:\vs\小球进框\小球进框\源.cpp(514,40): warning C4305: “参数”: 从“double”到“float”截断
D:\vs\小球进框\小球进框\源.cpp(515,34): warning C4305: “=”: 从“int”到“float”截断
D:\vs\小球进框\小球进框\源.cpp(537,25): warning C4305: “=”: 从“double”到“float”截断
D:\vs\小球进框\小球进框\源.cpp(541,27): warning C4244: “=”: 从“int”转换到“float”，可能丢失数据
D:\vs\小球进框\小球进框\源.cpp(542,12): warning C4244: “初始化”: 从“int”转换到“float”，可能丢失数据
D:\vs\小球进框\小球进框\源.cpp(543,40): warning C4305: “参数”: 从“double”到“float”截断
D:\vs\小球进框\小球进框\源.cpp(544,34): warning C4305: “=”: 从“int”到“float”截断
D:\vs\小球进框\小球进框\源.cpp(565,25): warning C4305: “=”: 从“double”到“float”截断
D:\vs\小球进框\小球进框\源.cpp(569,16): warning C4244: “=”: 从“int”转换到“float”，可能丢失数据
D:\vs\小球进框\小球进框\源.cpp(570,12): warning C4244: “初始化”: 从“int”转换到“float”，可能丢失数据
D:\vs\小球进框\小球进框\源.cpp(571,40): warning C4305: “参数”: 从“double”到“float”截断
D:\vs\小球进框\小球进框\源.cpp(572,34): warning C4305: “=”: 从“int”到“float”截断
D:\vs\小球进框\小球进框\源.cpp(602,6): warning C4244: “=”: 从“float”转换到“int”，可能丢失数据
D:\vs\小球进框\小球进框\源.cpp(605,28): warning C4244: “=”: 从“int”转换到“float”，可能丢失数据
D:\vs\小球进框\小球进框\源.cpp(606,28): warning C4244: “=”: 从“int”转换到“float”，可能丢失数据
D:\vs\小球进框\小球进框\源.cpp(644,26): warning C4244: “=”: 从“float”转换到“int”，可能丢失数据
D:\vs\小球进框\小球进框\源.cpp(671,24): warning C4305: “-=”: 从“double”到“float”截断
D:\vs\小球进框\小球进框\源.cpp(675,24): warning C4305: “-=”: 从“double”到“float”截断
D:\vs\小球进框\小球进框\源.cpp(679,25): warning C4305: “-=”: 从“double”到“float”截断
D:\vs\小球进框\小球进框\源.cpp(680,25): warning C4305: “+=”: 从“double”到“float”截断
D:\vs\小球进框\小球进框\源.cpp(684,25): warning C4305: “-=”: 从“double”到“float”截断
D:\vs\小球进框\小球进框\源.cpp(685,25): warning C4305: “+=”: 从“double”到“float”截断
D:\vs\小球进框\小球进框\源.cpp(688,30): warning C4244: “=”: 从“double”转换到“float”，可能丢失数据
D:\vs\小球进框\小球进框\源.cpp(689,30): warning C4244: “=”: 从“double”转换到“float”，可能丢失数据
D:\vs\小球进框\小球进框\源.cpp(690,30): warning C4244: “=”: 从“double”转换到“float”，可能丢失数据
D:\vs\小球进框\小球进框\源.cpp(691,30): warning C4244: “=”: 从“double”转换到“float”，可能丢失数据
D:\vs\小球进框\小球进框\源.cpp(696,22): warning C4244: “=”: 从“double”转换到“float”，可能丢失数据
D:\vs\小球进框\小球进框\源.cpp(697,23): warning C4244: “=”: 从“double”转换到“float”，可能丢失数据
D:\vs\小球进框\小球进框\源.cpp(703,22): warning C4244: “=”: 从“double”转换到“float”，可能丢失数据
D:\vs\小球进框\小球进框\源.cpp(704,23): warning C4244: “=”: 从“double”转换到“float”，可能丢失数据
D:\vs\小球进框\小球进框\源.cpp(712,33): warning C4305: “=”: 从“int”到“float”截断
D:\vs\小球进框\小球进框\源.cpp(714,33): warning C4305: “=”: 从“int”到“float”截断
D:\vs\小球进框\小球进框\源.cpp(735,30): warning C4244: “=”: 从“double”转换到“float”，可能丢失数据
D:\vs\小球进框\小球进框\源.cpp(740,30): warning C4244: “=”: 从“double”转换到“float”，可能丢失数据
D:\vs\小球进框\小球进框\源.cpp(770,31): warning C4244: “参数”: 从“float”转换到“int”，可能丢失数据
D:\vs\小球进框\小球进框\源.cpp(770,20): warning C4244: “参数”: 从“float”转换到“int”，可能丢失数据
D:\vs\小球进框\小球进框\源.cpp(776,31): warning C4244: “参数”: 从“float”转换到“int”，可能丢失数据
D:\vs\小球进框\小球进框\源.cpp(776,20): warning C4244: “参数”: 从“float”转换到“int”，可能丢失数据
D:\vs\小球进框\小球进框\源.cpp(777,31): warning C4244: “参数”: 从“float”转换到“int”，可能丢失数据
D:\vs\小球进框\小球进框\源.cpp(777,20): warning C4244: “参数”: 从“float”转换到“int”，可能丢失数据
D:\vs\小球进框\小球进框\源.cpp(782,31): warning C4244: “参数”: 从“float”转换到“int”，可能丢失数据
D:\vs\小球进框\小球进框\源.cpp(782,20): warning C4244: “参数”: 从“float”转换到“int”，可能丢失数据
D:\vs\小球进框\小球进框\源.cpp(783,31): warning C4244: “参数”: 从“float”转换到“int”，可能丢失数据
D:\vs\小球进框\小球进框\源.cpp(783,20): warning C4244: “参数”: 从“float”转换到“int”，可能丢失数据
D:\vs\小球进框\小球进框\源.cpp(784,31): warning C4244: “参数”: 从“float”转换到“int”，可能丢失数据
D:\vs\小球进框\小球进框\源.cpp(784,20): warning C4244: “参数”: 从“float”转换到“int”，可能丢失数据
D:\vs\小球进框\小球进框\源.cpp(789,31): warning C4244: “参数”: 从“float”转换到“int”，可能丢失数据
D:\vs\小球进框\小球进框\源.cpp(789,20): warning C4244: “参数”: 从“float”转换到“int”，可能丢失数据
D:\vs\小球进框\小球进框\源.cpp(790,31): warning C4244: “参数”: 从“float”转换到“int”，可能丢失数据
D:\vs\小球进框\小球进框\源.cpp(790,20): warning C4244: “参数”: 从“float”转换到“int”，可能丢失数据
D:\vs\小球进框\小球进框\源.cpp(795,31): warning C4244: “参数”: 从“float”转换到“int”，可能丢失数据
D:\vs\小球进框\小球进框\源.cpp(795,20): warning C4244: “参数”: 从“float”转换到“int”，可能丢失数据
D:\vs\小球进框\小球进框\源.cpp(796,31): warning C4244: “参数”: 从“float”转换到“int”，可能丢失数据
D:\vs\小球进框\小球进框\源.cpp(796,20): warning C4244: “参数”: 从“float”转换到“int”，可能丢失数据
D:\vs\小球进框\小球进框\源.cpp(802,23): warning C4244: “参数”: 从“float”转换到“int”，可能丢失数据
D:\vs\小球进框\小球进框\源.cpp(802,12): warning C4244: “参数”: 从“float”转换到“int”，可能丢失数据
D:\vs\小球进框\小球进框\源.cpp(807,52): warning C4244: “参数”: 从“float”转换到“int”，可能丢失数据
D:\vs\小球进框\小球进框\源.cpp(807,27): warning C4244: “参数”: 从“float”转换到“int”，可能丢失数据
D:\vs\小球进框\小球进框\源.cpp(813,23): warning C4244: “参数”: 从“float”转换到“int”，可能丢失数据
D:\vs\小球进框\小球进框\源.cpp(813,12): warning C4244: “参数”: 从“float”转换到“int”，可能丢失数据
D:\vs\小球进框\小球进框\源.cpp(818,52): warning C4244: “参数”: 从“float”转换到“int”，可能丢失数据
D:\vs\小球进框\小球进框\源.cpp(818,27): warning C4244: “参数”: 从“float”转换到“int”，可能丢失数据
D:\vs\小球进框\小球进框\源.cpp(831,18): warning C4244: “参数”: 从“double”转换到“int”，可能丢失数据
D:\vs\小球进框\小球进框\源.cpp(851,32): warning C4244: “参数”: 从“float”转换到“int”，可能丢失数据
D:\vs\小球进框\小球进框\源.cpp(851,21): warning C4244: “参数”: 从“float”转换到“int”，可能丢失数据
D:\vs\小球进框\小球进框\源.cpp(870,39): warning C4305: “参数”: 从“double”到“float”截断
D:\vs\小球进框\小球进框\源.cpp(927,39): warning C4305: “参数”: 从“double”到“float”截断
D:\vs\小球进框\小球进框\源.cpp(1022,30): warning C4244: “=”: 从“double”转换到“float”，可能丢失数据
D:\vs\小球进框\小球进框\源.cpp(1042,31): warning C4244: “=”: 从“double”转换到“float”，可能丢失数据
D:\vs\小球进框\小球进框\源.cpp(1048,31): warning C4244: “=”: 从“double”转换到“float”，可能丢失数据
D:\vs\小球进框\小球进框\源.cpp(1066,22): warning C4244: “=”: 从“double”转换到“float”，可能丢失数据
D:\vs\小球进框\小球进框\源.cpp(1070,31): warning C4244: “=”: 从“double”转换到“float”，可能丢失数据
D:\vs\小球进框\小球进框\源.cpp(1080,31): warning C4244: “=”: 从“double”转换到“float”，可能丢失数据
D:\vs\小球进框\小球进框\源.cpp(1090,32): warning C4244: “=”: 从“double”转换到“float”，可能丢失数据
D:\vs\小球进框\小球进框\源.cpp(1097,21): warning C4244: “=”: 从“double”转换到“float”，可能丢失数据
D:\vs\小球进框\小球进框\源.cpp(1098,41): warning C4244: “=”: 从“double”转换到“float”，可能丢失数据
D:\vs\小球进框\小球进框\源.cpp(1102,21): warning C4244: “=”: 从“double”转换到“float”，可能丢失数据
D:\vs\小球进框\小球进框\源.cpp(1103,42): warning C4244: “=”: 从“double”转换到“float”，可能丢失数据
D:\vs\小球进框\小球进框\源.cpp(1120,26): warning C4305: “=”: 从“double”到“float”截断
D:\vs\小球进框\小球进框\源.cpp(1124,30): warning C4244: “=”: 从“double”转换到“float”，可能丢失数据
D:\vs\小球进框\小球进框\源.cpp(1198,44): warning C4244: “=”: 从“int”转换到“float”，可能丢失数据
D:\vs\小球进框\小球进框\源.cpp(1199,44): warning C4244: “=”: 从“int”转换到“float”，可能丢失数据
D:\vs\小球进框\小球进框\源.cpp(1202,41): warning C4305: “=”: 从“double”到“float”截断
D:\vs\小球进框\小球进框\源.cpp(1204,14): warning C4244: “初始化”: 从“int”转换到“float”，可能丢失数据
D:\vs\小球进框\小球进框\源.cpp(1205,47): warning C4305: “参数”: 从“double”到“float”截断
D:\vs\小球进框\小球进框\源.cpp(1241,44): warning C4244: “=”: 从“int”转换到“float”，可能丢失数据
D:\vs\小球进框\小球进框\源.cpp(1242,44): warning C4244: “=”: 从“int”转换到“float”，可能丢失数据
D:\vs\小球进框\小球进框\源.cpp(1245,41): warning C4305: “=”: 从“double”到“float”截断
D:\vs\小球进框\小球进框\源.cpp(1247,14): warning C4244: “初始化”: 从“int”转换到“float”，可能丢失数据
D:\vs\小球进框\小球进框\源.cpp(1248,47): warning C4305: “参数”: 从“double”到“float”截断
D:\vs\小球进框\小球进框\源.cpp(1258,27): warning C4244: “=”: 从“float”转换到“int”，可能丢失数据
D:\vs\小球进框\小球进框\源.cpp(1271,9): warning C4102: “MyTimer”: 未引用的标签
D:\vs\小球进框\小球进框\源.cpp(1314,39): warning C4305: “=”: 从“double”到“float”截断
D:\vs\小球进框\小球进框\源.cpp(1317,40): warning C4244: “=”: 从“int”转换到“float”，可能丢失数据
D:\vs\小球进框\小球进框\源.cpp(1318,40): warning C4244: “=”: 从“int”转换到“float”，可能丢失数据
D:\vs\小球进框\小球进框\源.cpp(1319,14): warning C4244: “初始化”: 从“int”转换到“float”，可能丢失数据
D:\vs\小球进框\小球进框\源.cpp(1320,53): warning C4305: “参数”: 从“double”到“float”截断
D:\vs\小球进框\小球进框\源.cpp(1321,47): warning C4305: “=”: 从“int”到“float”截断
  小球进框.vcxproj -> D:\vs\小球进框\小球进框\Debug\小球进框.exe
